C:\USERS\JONATHAN_MOORE.LAB1\DOCUMENTS\VISUAL STUDIO 2012\PROJECTS\BIOLOGY\RNA ANALYSIS\RCAT-46535\RCAD\TRUNK\MANAGEDLABELRNA\X64\RELEASE\.NETFRAMEWORK,VERSION=V4.0.ASSEMBLYATTRIBUTES.OBJ
C:\USERS\JONATHAN_MOORE.LAB1\DOCUMENTS\VISUAL STUDIO 2012\PROJECTS\BIOLOGY\RNA ANALYSIS\RCAT-46535\RCAD\TRUNK\MANAGEDLABELRNA\X64\RELEASE\APP.RES
C:\USERS\JONATHAN_MOORE.LAB1\DOCUMENTS\VISUAL STUDIO 2012\PROJECTS\BIOLOGY\RNA ANALYSIS\RCAT-46535\RCAD\TRUNK\MANAGEDLABELRNA\X64\RELEASE\ASSEMBLYINFO.OBJ
C:\Users\Jonathan_Moore.LAB1\Documents\Visual Studio 2012\Projects\Biology\RNA Analysis\rcat-46535\rCAD\trunk\ManagedLabelRNA\x64\Release\cl.command.1.tlog
C:\Users\Jonathan_Moore.LAB1\Documents\Visual Studio 2012\Projects\Biology\RNA Analysis\rcat-46535\rCAD\trunk\ManagedLabelRNA\x64\Release\CL.read.1.tlog
C:\Users\Jonathan_Moore.LAB1\Documents\Visual Studio 2012\Projects\Biology\RNA Analysis\rcat-46535\rCAD\trunk\ManagedLabelRNA\x64\Release\CL.write.1.tlog
C:\Users\Jonathan_Moore.LAB1\Documents\Visual Studio 2012\Projects\Biology\RNA Analysis\rcat-46535\rCAD\trunk\ManagedLabelRNA\x64\Release\link.command.1.tlog
C:\Users\Jonathan_Moore.LAB1\Documents\Visual Studio 2012\Projects\Biology\RNA Analysis\rcat-46535\rCAD\trunk\ManagedLabelRNA\x64\Release\link.read.1.tlog
C:\Users\Jonathan_Moore.LAB1\Documents\Visual Studio 2012\Projects\Biology\RNA Analysis\rcat-46535\rCAD\trunk\ManagedLabelRNA\x64\Release\link.write.1.tlog
C:\Users\Jonathan_Moore.LAB1\Documents\Visual Studio 2012\Projects\Biology\RNA Analysis\rcat-46535\rCAD\trunk\ManagedLabelRNA\x64\Release\link-cvtres.read.1.tlog
C:\Users\Jonathan_Moore.LAB1\Documents\Visual Studio 2012\Projects\Biology\RNA Analysis\rcat-46535\rCAD\trunk\ManagedLabelRNA\x64\Release\link-cvtres.write.1.tlog
C:\USERS\JONATHAN_MOORE.LAB1\DOCUMENTS\VISUAL STUDIO 2012\PROJECTS\BIOLOGY\RNA ANALYSIS\RCAT-46535\RCAD\TRUNK\MANAGEDLABELRNA\X64\RELEASE\MANAGEDLABELRNA.DLL
C:\USERS\JONATHAN_MOORE.LAB1\DOCUMENTS\VISUAL STUDIO 2012\PROJECTS\BIOLOGY\RNA ANALYSIS\RCAT-46535\RCAD\TRUNK\MANAGEDLABELRNA\X64\RELEASE\MANAGEDLABELRNA.DLL.INTERMEDIATE.MANIFEST
C:\Users\Jonathan_Moore.LAB1\Documents\Visual Studio 2012\Projects\Biology\RNA Analysis\rcat-46535\rCAD\trunk\ManagedLabelRNA\x64\Release\ManagedLabelRNA.dll.metagen
C:\USERS\JONATHAN_MOORE.LAB1\DOCUMENTS\VISUAL STUDIO 2012\PROJECTS\BIOLOGY\RNA ANALYSIS\RCAT-46535\RCAD\TRUNK\MANAGEDLABELRNA\X64\RELEASE\MANAGEDLABELRNA.OBJ
C:\USERS\JONATHAN_MOORE.LAB1\DOCUMENTS\VISUAL STUDIO 2012\PROJECTS\BIOLOGY\RNA ANALYSIS\RCAT-46535\RCAD\TRUNK\MANAGEDLABELRNA\X64\RELEASE\MANAGEDLABELRNA.PCH
C:\USERS\JONATHAN_MOORE.LAB1\DOCUMENTS\VISUAL STUDIO 2012\PROJECTS\BIOLOGY\RNA ANALYSIS\RCAT-46535\RCAD\TRUNK\MANAGEDLABELRNA\X64\RELEASE\MANAGEDLABELRNA.PDB
C:\Users\Jonathan_Moore.LAB1\Documents\Visual Studio 2012\Projects\Biology\RNA Analysis\rcat-46535\rCAD\trunk\ManagedLabelRNA\x64\Release\ManagedLabelRNA.vcxprojResolveAssemblyReference.cache
C:\Users\Jonathan_Moore.LAB1\Documents\Visual Studio 2012\Projects\Biology\RNA Analysis\rcat-46535\rCAD\trunk\ManagedLabelRNA\x64\Release\ManagedLabelRNA.write.1.tlog
C:\Users\Jonathan_Moore.LAB1\Documents\Visual Studio 2012\Projects\Biology\RNA Analysis\rcat-46535\rCAD\trunk\ManagedLabelRNA\x64\Release\metagen.read.1.tlog
C:\Users\Jonathan_Moore.LAB1\Documents\Visual Studio 2012\Projects\Biology\RNA Analysis\rcat-46535\rCAD\trunk\ManagedLabelRNA\x64\Release\metagen.write.1.tlog
C:\Users\Jonathan_Moore.LAB1\Documents\Visual Studio 2012\Projects\Biology\RNA Analysis\rcat-46535\rCAD\trunk\ManagedLabelRNA\x64\Release\mt.command.1.tlog
C:\Users\Jonathan_Moore.LAB1\Documents\Visual Studio 2012\Projects\Biology\RNA Analysis\rcat-46535\rCAD\trunk\ManagedLabelRNA\x64\Release\mt.read.1.tlog
C:\Users\Jonathan_Moore.LAB1\Documents\Visual Studio 2012\Projects\Biology\RNA Analysis\rcat-46535\rCAD\trunk\ManagedLabelRNA\x64\Release\mt.write.1.tlog
C:\USERS\JONATHAN_MOORE.LAB1\DOCUMENTS\VISUAL STUDIO 2012\PROJECTS\BIOLOGY\RNA ANALYSIS\RCAT-46535\RCAD\TRUNK\MANAGEDLABELRNA\X64\RELEASE\RANDOM.OBJ
C:\Users\Jonathan_Moore.LAB1\Documents\Visual Studio 2012\Projects\Biology\RNA Analysis\rcat-46535\rCAD\trunk\ManagedLabelRNA\x64\Release\rc.command.1.tlog
C:\Users\Jonathan_Moore.LAB1\Documents\Visual Studio 2012\Projects\Biology\RNA Analysis\rcat-46535\rCAD\trunk\ManagedLabelRNA\x64\Release\rc.read.1.tlog
C:\Users\Jonathan_Moore.LAB1\Documents\Visual Studio 2012\Projects\Biology\RNA Analysis\rcat-46535\rCAD\trunk\ManagedLabelRNA\x64\Release\rc.write.1.tlog
C:\USERS\JONATHAN_MOORE.LAB1\DOCUMENTS\VISUAL STUDIO 2012\PROJECTS\BIOLOGY\RNA ANALYSIS\RCAT-46535\RCAD\TRUNK\MANAGEDLABELRNA\X64\RELEASE\RNA.OBJ
C:\USERS\JONATHAN_MOORE.LAB1\DOCUMENTS\VISUAL STUDIO 2012\PROJECTS\BIOLOGY\RNA ANALYSIS\RCAT-46535\RCAD\TRUNK\MANAGEDLABELRNA\X64\RELEASE\STDAFX.OBJ
C:\Users\Jonathan_Moore.LAB1\Documents\Visual Studio 2012\Projects\Biology\RNA Analysis\rcat-46535\rCAD\trunk\ManagedLabelRNA\x64\Release\TZRES.DLL.bi
C:\USERS\JONATHAN_MOORE.LAB1\DOCUMENTS\VISUAL STUDIO 2012\PROJECTS\BIOLOGY\RNA ANALYSIS\RCAT-46535\RCAD\TRUNK\MANAGEDLABELRNA\X64\RELEASE\UTIL.OBJ
C:\USERS\JONATHAN_MOORE.LAB1\DOCUMENTS\VISUAL STUDIO 2012\PROJECTS\BIOLOGY\RNA ANALYSIS\RCAT-46535\RCAD\TRUNK\MANAGEDLABELRNA\X64\RELEASE\VC100.PDB
x64\Release\ManagedLabelRNA.pdb
