C:\USERS\JONATHAN_MOORE.LAB1\DOCUMENTS\VISUAL STUDIO 2012\PROJECTS\BIOLOGY\RNA ANALYSIS\RCAT-46535\RCAD\TRUNK\MANAGEDLABELRNA32\RELEASE\.NETFRAMEWORK,VERSION=V4.0.ASSEMBLYATTRIBUTES.OBJ
C:\USERS\JONATHAN_MOORE.LAB1\DOCUMENTS\VISUAL STUDIO 2012\PROJECTS\BIOLOGY\RNA ANALYSIS\RCAT-46535\RCAD\TRUNK\MANAGEDLABELRNA32\RELEASE\APP.RES
C:\USERS\JONATHAN_MOORE.LAB1\DOCUMENTS\VISUAL STUDIO 2012\PROJECTS\BIOLOGY\RNA ANALYSIS\RCAT-46535\RCAD\TRUNK\MANAGEDLABELRNA32\RELEASE\ASSEMBLYINFO.OBJ
C:\Users\Jonathan_Moore.LAB1\Documents\Visual Studio 2012\Projects\Biology\RNA Analysis\rcat-46535\rCAD\trunk\ManagedLabelRNA32\Release\cl.command.1.tlog
C:\Users\Jonathan_Moore.LAB1\Documents\Visual Studio 2012\Projects\Biology\RNA Analysis\rcat-46535\rCAD\trunk\ManagedLabelRNA32\Release\CL.read.1.tlog
C:\Users\Jonathan_Moore.LAB1\Documents\Visual Studio 2012\Projects\Biology\RNA Analysis\rcat-46535\rCAD\trunk\ManagedLabelRNA32\Release\CL.write.1.tlog
C:\Users\Jonathan_Moore.LAB1\Documents\Visual Studio 2012\Projects\Biology\RNA Analysis\rcat-46535\rCAD\trunk\ManagedLabelRNA32\Release\link.command.1.tlog
C:\Users\Jonathan_Moore.LAB1\Documents\Visual Studio 2012\Projects\Biology\RNA Analysis\rcat-46535\rCAD\trunk\ManagedLabelRNA32\Release\link.read.1.tlog
C:\Users\Jonathan_Moore.LAB1\Documents\Visual Studio 2012\Projects\Biology\RNA Analysis\rcat-46535\rCAD\trunk\ManagedLabelRNA32\Release\link.write.1.tlog
C:\Users\Jonathan_Moore.LAB1\Documents\Visual Studio 2012\Projects\Biology\RNA Analysis\rcat-46535\rCAD\trunk\ManagedLabelRNA32\Release\link-cvtres.read.1.tlog
C:\Users\Jonathan_Moore.LAB1\Documents\Visual Studio 2012\Projects\Biology\RNA Analysis\rcat-46535\rCAD\trunk\ManagedLabelRNA32\Release\link-cvtres.write.1.tlog
C:\USERS\JONATHAN_MOORE.LAB1\DOCUMENTS\VISUAL STUDIO 2012\PROJECTS\BIOLOGY\RNA ANALYSIS\RCAT-46535\RCAD\TRUNK\MANAGEDLABELRNA32\RELEASE\MANAGEDLABELRNA.OBJ
C:\USERS\JONATHAN_MOORE.LAB1\DOCUMENTS\VISUAL STUDIO 2012\PROJECTS\BIOLOGY\RNA ANALYSIS\RCAT-46535\RCAD\TRUNK\MANAGEDLABELRNA32\RELEASE\MANAGEDLABELRNA32.DLL
C:\USERS\JONATHAN_MOORE.LAB1\DOCUMENTS\VISUAL STUDIO 2012\PROJECTS\BIOLOGY\RNA ANALYSIS\RCAT-46535\RCAD\TRUNK\MANAGEDLABELRNA32\RELEASE\MANAGEDLABELRNA32.DLL.INTERMEDIATE.MANIFEST
C:\Users\Jonathan_Moore.LAB1\Documents\Visual Studio 2012\Projects\Biology\RNA Analysis\rcat-46535\rCAD\trunk\ManagedLabelRNA32\Release\ManagedLabelRNA32.dll.metagen
C:\USERS\JONATHAN_MOORE.LAB1\DOCUMENTS\VISUAL STUDIO 2012\PROJECTS\BIOLOGY\RNA ANALYSIS\RCAT-46535\RCAD\TRUNK\MANAGEDLABELRNA32\RELEASE\MANAGEDLABELRNA32.PCH
C:\USERS\JONATHAN_MOORE.LAB1\DOCUMENTS\VISUAL STUDIO 2012\PROJECTS\BIOLOGY\RNA ANALYSIS\RCAT-46535\RCAD\TRUNK\MANAGEDLABELRNA32\RELEASE\MANAGEDLABELRNA32.PDB
C:\Users\Jonathan_Moore.LAB1\Documents\Visual Studio 2012\Projects\Biology\RNA Analysis\rcat-46535\rCAD\trunk\ManagedLabelRNA32\Release\ManagedLabelRNA32.vcxprojResolveAssemblyReference.cache
C:\Users\Jonathan_Moore.LAB1\Documents\Visual Studio 2012\Projects\Biology\RNA Analysis\rcat-46535\rCAD\trunk\ManagedLabelRNA32\Release\ManagedLabelRNA32.write.1.tlog
C:\Users\Jonathan_Moore.LAB1\Documents\Visual Studio 2012\Projects\Biology\RNA Analysis\rcat-46535\rCAD\trunk\ManagedLabelRNA32\Release\metagen.read.1.tlog
C:\Users\Jonathan_Moore.LAB1\Documents\Visual Studio 2012\Projects\Biology\RNA Analysis\rcat-46535\rCAD\trunk\ManagedLabelRNA32\Release\metagen.write.1.tlog
C:\Users\Jonathan_Moore.LAB1\Documents\Visual Studio 2012\Projects\Biology\RNA Analysis\rcat-46535\rCAD\trunk\ManagedLabelRNA32\Release\mt.command.1.tlog
C:\Users\Jonathan_Moore.LAB1\Documents\Visual Studio 2012\Projects\Biology\RNA Analysis\rcat-46535\rCAD\trunk\ManagedLabelRNA32\Release\mt.read.1.tlog
C:\Users\Jonathan_Moore.LAB1\Documents\Visual Studio 2012\Projects\Biology\RNA Analysis\rcat-46535\rCAD\trunk\ManagedLabelRNA32\Release\mt.write.1.tlog
C:\USERS\JONATHAN_MOORE.LAB1\DOCUMENTS\VISUAL STUDIO 2012\PROJECTS\BIOLOGY\RNA ANALYSIS\RCAT-46535\RCAD\TRUNK\MANAGEDLABELRNA32\RELEASE\RANDOM.OBJ
C:\Users\Jonathan_Moore.LAB1\Documents\Visual Studio 2012\Projects\Biology\RNA Analysis\rcat-46535\rCAD\trunk\ManagedLabelRNA32\Release\rc.command.1.tlog
C:\Users\Jonathan_Moore.LAB1\Documents\Visual Studio 2012\Projects\Biology\RNA Analysis\rcat-46535\rCAD\trunk\ManagedLabelRNA32\Release\rc.read.1.tlog
C:\Users\Jonathan_Moore.LAB1\Documents\Visual Studio 2012\Projects\Biology\RNA Analysis\rcat-46535\rCAD\trunk\ManagedLabelRNA32\Release\rc.write.1.tlog
C:\USERS\JONATHAN_MOORE.LAB1\DOCUMENTS\VISUAL STUDIO 2012\PROJECTS\BIOLOGY\RNA ANALYSIS\RCAT-46535\RCAD\TRUNK\MANAGEDLABELRNA32\RELEASE\RNA.OBJ
C:\USERS\JONATHAN_MOORE.LAB1\DOCUMENTS\VISUAL STUDIO 2012\PROJECTS\BIOLOGY\RNA ANALYSIS\RCAT-46535\RCAD\TRUNK\MANAGEDLABELRNA32\RELEASE\STDAFX.OBJ
C:\Users\Jonathan_Moore.LAB1\Documents\Visual Studio 2012\Projects\Biology\RNA Analysis\rcat-46535\rCAD\trunk\ManagedLabelRNA32\Release\TZRES.DLL.bi
C:\USERS\JONATHAN_MOORE.LAB1\DOCUMENTS\VISUAL STUDIO 2012\PROJECTS\BIOLOGY\RNA ANALYSIS\RCAT-46535\RCAD\TRUNK\MANAGEDLABELRNA32\RELEASE\UTIL.OBJ
C:\USERS\JONATHAN_MOORE.LAB1\DOCUMENTS\VISUAL STUDIO 2012\PROJECTS\BIOLOGY\RNA ANALYSIS\RCAT-46535\RCAD\TRUNK\MANAGEDLABELRNA32\RELEASE\VC100.PDB
Release\ManagedLabelRNA32.pdb
