Build started 5/7/2013 1:52:50 PM.
     1>Project "C:\Users\Jonathan_Moore\Documents\Visual Studio 2010\Projects\Biology\RNA Analysis\rCAD\ManagedLabelRNA\ManagedLabelRNA.vcxproj" on node 2 (build target(s)).
     1>InitializeBuildStatus:
         Creating "x64\Debug\ManagedLabelRNA.unsuccessfulbuild" because "AlwaysCreate" was specified.
       GenerateTargetFrameworkMonikerAttribute:
       Skipping target "GenerateTargetFrameworkMonikerAttribute" because all output files are up-to-date with respect to the input files.
       ClCompile:
         All outputs are up-to-date.
         All outputs are up-to-date.
         All outputs are up-to-date.
       ResourceCompile:
         All outputs are up-to-date.
       Link:
         All outputs are up-to-date.
         ManagedLabelRNA.vcxproj -> C:\Users\Jonathan_Moore\Documents\Visual Studio 2010\Projects\Biology\RNA Analysis\rCAD\ManagedLabelRNA\x64\Debug\ManagedLabelRNA.dll
       MetaGen:
       Skipping target "MetaGen" because all output files are up-to-date with respect to the input files.
       FinalizeBuildStatus:
         Deleting file "x64\Debug\ManagedLabelRNA.unsuccessfulbuild".
         Touching "x64\Debug\ManagedLabelRNA.lastbuildstate".
     1>Done Building Project "C:\Users\Jonathan_Moore\Documents\Visual Studio 2010\Projects\Biology\RNA Analysis\rCAD\ManagedLabelRNA\ManagedLabelRNA.vcxproj" (build target(s)).

Build succeeded.

Time Elapsed 00:00:00.06
